<?xml version="1.0" encoding="UTF-8"?>
<testng-results skipped="0" failed="0" ignored="0" total="1" passed="1">
  <reporter-output>
  </reporter-output>
  <suite name="All Test Suite" duration-ms="10882" started-at="2020-11-27T06:04:00Z" finished-at="2020-11-27T06:04:11Z">
    <groups>
    </groups>
    <test name="Test" duration-ms="10882" started-at="2020-11-27T06:04:00Z" finished-at="2020-11-27T06:04:11Z">
      <class name="com.sag.test.AutoPageTest">
        <test-method status="PASS" signature="setup(org.testng.ITestContext)[pri:0, instance:com.sag.test.AutoPageTest@c7da1e]" name="setup" is-config="true" duration-ms="1026" started-at="2020-11-27T06:04:00Z" finished-at="2020-11-27T06:04:01Z">
          <params>
            <param index="0">
              <value>
                <![CDATA[org.testng.TestRunner@33576a]]>
              </value>
            </param>
          </params>
          <reporter-output>
          </reporter-output>
        </test-method> <!-- setup -->
        <test-method status="PASS" signature="test1()[pri:0, instance:com.sag.test.AutoPageTest@c7da1e]" name="test1" duration-ms="9844" started-at="2020-11-27T06:04:01Z" finished-at="2020-11-27T06:04:11Z">
          <reporter-output>
          </reporter-output>
        </test-method> <!-- test1 -->
      </class> <!-- com.sag.test.AutoPageTest -->
    </test> <!-- Test -->
  </suite> <!-- All Test Suite -->
</testng-results>
